# JRE version: Java(TM) SE Runtime Environment (8.0_60-b27) (build 1.8.0_60-b27)
# Java VM: Java HotSpot(TM) 64-Bit Server VM (25.60-b23 mixed mode linux-amd64 compressed oops)
Heap:
 PSYoungGen      total 74752K, used 39156K [0x000000076cf80000, 0x0000000772280000, 0x00000007c0000000)
  eden space 64512K, 60% used [0x000000076cf80000,0x000000076f5bd2a8,0x0000000770e80000)
  from space 10240K, 0% used [0x0000000771880000,0x0000000771880000,0x0000000772280000)
  to   space 10240K, 0% used [0x0000000770e80000,0x0000000770e80000,0x0000000771880000)
 ParOldGen       total 171008K, used 5389K [0x00000006c6e00000, 0x00000006d1500000, 0x000000076cf80000)
  object space 171008K, 3% used [0x00000006c6e00000,0x00000006c73436f0,0x00000006d1500000)
 Metaspace       used 24281K, capacity 24472K, committed 24704K, reserved 1071104K
  class space    used 2843K, capacity 2938K, committed 2944K, reserved 1048576K
GC Heap History (6 events):
Event: 1.669 GC heap before
{Heap before GC invocations=1 (full 0):
 PSYoungGen      total 74752K, used 64512K [0x000000076cf80000, 0x0000000772280000, 0x00000007c0000000)
  eden space 64512K, 100% used [0x000000076cf80000,0x0000000770e80000,0x0000000770e80000)
  from space 10240K, 0% used [0x0000000771880000,0x0000000771880000,0x0000000772280000)
  to   space 10240K, 0% used [0x0000000770e80000,0x0000000770e80000,0x0000000771880000)
 ParOldGen       total 171008K, used 0K [0x00000006c6e00000, 0x00000006d1500000, 0x000000076cf80000)
  object space 171008K, 0% used [0x00000006c6e00000,0x00000006c6e00000,0x00000006d1500000)
 Metaspace       used 14184K, capacity 14324K, committed 14464K, reserved 1062912K
  class space    used 1637K, capacity 1654K, committed 1664K, reserved 1048576K
Event: 1.682 GC heap after
Heap after GC invocations=1 (full 0):
 PSYoungGen      total 74752K, used 9206K [0x000000076cf80000, 0x0000000772280000, 0x00000007c0000000)
  eden space 64512K, 0% used [0x000000076cf80000,0x000000076cf80000,0x0000000770e80000)
  from space 10240K, 89% used [0x0000000770e80000,0x000000077177d840,0x0000000771880000)
  to   space 10240K, 0% used [0x0000000771880000,0x0000000771880000,0x0000000772280000)
 ParOldGen       total 171008K, used 80K [0x00000006c6e00000, 0x00000006d1500000, 0x000000076cf80000)
  object space 171008K, 0% used [0x00000006c6e00000,0x00000006c6e14010,0x00000006d1500000)
 Metaspace       used 14184K, capacity 14324K, committed 14464K, reserved 1062912K
  class space    used 1637K, capacity 1654K, committed 1664K, reserved 1048576K
}
Event: 1.850 GC heap before
{Heap before GC invocations=2 (full 0):
 PSYoungGen      total 74752K, used 18170K [0x000000076cf80000, 0x0000000772280000, 0x00000007c0000000)
  eden space 64512K, 13% used [0x000000076cf80000,0x000000076d841070,0x0000000770e80000)
  from space 10240K, 89% used [0x0000000770e80000,0x000000077177d840,0x0000000771880000)
  to   space 10240K, 0% used [0x0000000771880000,0x0000000771880000,0x0000000772280000)
 ParOldGen       total 171008K, used 80K [0x00000006c6e00000, 0x00000006d1500000, 0x000000076cf80000)
  object space 171008K, 0% used [0x00000006c6e00000,0x00000006c6e14010,0x00000006d1500000)
 Metaspace       used 16937K, capacity 17018K, committed 17152K, reserved 1064960K
  class space    used 2012K, capacity 2039K, committed 2048K, reserved 1048576K
Event: 1.863 GC heap after
Heap after GC invocations=2 (full 0):
 PSYoungGen      total 74752K, used 5449K [0x000000076cf80000, 0x0000000772280000, 0x00000007c0000000)
  eden space 64512K, 0% used [0x000000076cf80000,0x000000076cf80000,0x0000000770e80000)
  from space 10240K, 53% used [0x0000000771880000,0x0000000771dd26b0,0x0000000772280000)
  to   space 10240K, 0% used [0x0000000770e80000,0x0000000770e80000,0x0000000771880000)
 ParOldGen       total 171008K, used 88K [0x00000006c6e00000, 0x00000006d1500000, 0x000000076cf80000)
  object space 171008K, 0% used [0x00000006c6e00000,0x00000006c6e16010,0x00000006d1500000)
 Metaspace       used 16937K, capacity 17018K, committed 17152K, reserved 1064960K
  class space    used 2012K, capacity 2039K, committed 2048K, reserved 1048576K
}
Event: 1.863 GC heap before
{Heap before GC invocations=3 (full 1):
 PSYoungGen      total 74752K, used 5449K [0x000000076cf80000, 0x0000000772280000, 0x00000007c0000000)
  eden space 64512K, 0% used [0x000000076cf80000,0x000000076cf80000,0x0000000770e80000)
  from space 10240K, 53% used [0x0000000771880000,0x0000000771dd26b0,0x0000000772280000)
  to   space 10240K, 0% used [0x0000000770e80000,0x0000000770e80000,0x0000000771880000)
 ParOldGen       total 171008K, used 88K [0x00000006c6e00000, 0x00000006d1500000, 0x000000076cf80000)
  object space 171008K, 0% used [0x00000006c6e00000,0x00000006c6e16010,0x00000006d1500000)
 Metaspace       used 16937K, capacity 17018K, committed 17152K, reserved 1064960K
  class space    used 2012K, capacity 2039K, committed 2048K, reserved 1048576K
Event: 1.894 GC heap after
Heap after GC invocations=3 (full 1):
 PSYoungGen      total 74752K, used 0K [0x000000076cf80000, 0x0000000772280000, 0x00000007c0000000)
  eden space 64512K, 0% used [0x000000076cf80000,0x000000076cf80000,0x0000000770e80000)
  from space 10240K, 0% used [0x0000000771880000,0x0000000771880000,0x0000000772280000)
  to   space 10240K, 0% used [0x0000000770e80000,0x0000000770e80000,0x0000000771880000)
 ParOldGen       total 171008K, used 5389K [0x00000006c6e00000, 0x00000006d1500000, 0x000000076cf80000)
  object space 171008K, 3% used [0x00000006c6e00000,0x00000006c73436f0,0x00000006d1500000)
 Metaspace       used 16937K, capacity 17018K, committed 17152K, reserved 1064960K
  class space    used 2012K, capacity 2039K, committed 2048K, reserved 1048576K
}

