# JRE version: Java(TM) SE Runtime Environment (8.0_60-b27) (build 1.8.0_60-b27)
# Java VM: Java HotSpot(TM) 64-Bit Server VM (25.60-b23 mixed mode linux-amd64 compressed oops)
Heap:
 PSYoungGen      total 74752K, used 46623K [0x000000076cf80000, 0x0000000772280000, 0x00000007c0000000)
  eden space 64512K, 72% used [0x000000076cf80000,0x000000076fd07f40,0x0000000770e80000)
  from space 10240K, 0% used [0x0000000771880000,0x0000000771880000,0x0000000772280000)
  to   space 10240K, 0% used [0x0000000770e80000,0x0000000770e80000,0x0000000771880000)
 ParOldGen       total 171008K, used 5387K [0x00000006c6e00000, 0x00000006d1500000, 0x000000076cf80000)
  object space 171008K, 3% used [0x00000006c6e00000,0x00000006c7342f58,0x00000006d1500000)
 Metaspace       used 24246K, capacity 24466K, committed 24704K, reserved 1071104K
  class space    used 2850K, capacity 2937K, committed 2944K, reserved 1048576K
GC Heap History (6 events):
Event: 1.554 GC heap before
{Heap before GC invocations=1 (full 0):
 PSYoungGen      total 74752K, used 64512K [0x000000076cf80000, 0x0000000772280000, 0x00000007c0000000)
  eden space 64512K, 100% used [0x000000076cf80000,0x0000000770e80000,0x0000000770e80000)
  from space 10240K, 0% used [0x0000000771880000,0x0000000771880000,0x0000000772280000)
  to   space 10240K, 0% used [0x0000000770e80000,0x0000000770e80000,0x0000000771880000)
 ParOldGen       total 171008K, used 0K [0x00000006c6e00000, 0x00000006d1500000, 0x000000076cf80000)
  object space 171008K, 0% used [0x00000006c6e00000,0x00000006c6e00000,0x00000006d1500000)
 Metaspace       used 14230K, capacity 14382K, committed 14592K, reserved 1062912K
  class space    used 1656K, capacity 1717K, committed 1792K, reserved 1048576K
Event: 1.564 GC heap after
Heap after GC invocations=1 (full 0):
 PSYoungGen      total 74752K, used 9307K [0x000000076cf80000, 0x0000000772280000, 0x00000007c0000000)
  eden space 64512K, 0% used [0x000000076cf80000,0x000000076cf80000,0x0000000770e80000)
  from space 10240K, 90% used [0x0000000770e80000,0x0000000771796f30,0x0000000771880000)
  to   space 10240K, 0% used [0x0000000771880000,0x0000000771880000,0x0000000772280000)
 ParOldGen       total 171008K, used 80K [0x00000006c6e00000, 0x00000006d1500000, 0x000000076cf80000)
  object space 171008K, 0% used [0x00000006c6e00000,0x00000006c6e14010,0x00000006d1500000)
 Metaspace       used 14230K, capacity 14382K, committed 14592K, reserved 1062912K
  class space    used 1656K, capacity 1717K, committed 1792K, reserved 1048576K
}
Event: 1.717 GC heap before
{Heap before GC invocations=2 (full 0):
 PSYoungGen      total 74752K, used 18421K [0x000000076cf80000, 0x0000000772280000, 0x00000007c0000000)
  eden space 64512K, 14% used [0x000000076cf80000,0x000000076d8668c8,0x0000000770e80000)
  from space 10240K, 90% used [0x0000000770e80000,0x0000000771796f30,0x0000000771880000)
  to   space 10240K, 0% used [0x0000000771880000,0x0000000771880000,0x0000000772280000)
 ParOldGen       total 171008K, used 80K [0x00000006c6e00000, 0x00000006d1500000, 0x000000076cf80000)
  object space 171008K, 0% used [0x00000006c6e00000,0x00000006c6e14010,0x00000006d1500000)
 Metaspace       used 16860K, capacity 16954K, committed 17152K, reserved 1064960K
  class space    used 2012K, capacity 2039K, committed 2048K, reserved 1048576K
Event: 1.725 GC heap after
Heap after GC invocations=2 (full 0):
 PSYoungGen      total 74752K, used 5449K [0x000000076cf80000, 0x0000000772280000, 0x00000007c0000000)
  eden space 64512K, 0% used [0x000000076cf80000,0x000000076cf80000,0x0000000770e80000)
  from space 10240K, 53% used [0x0000000771880000,0x0000000771dd26b0,0x0000000772280000)
  to   space 10240K, 0% used [0x0000000770e80000,0x0000000770e80000,0x0000000771880000)
 ParOldGen       total 171008K, used 88K [0x00000006c6e00000, 0x00000006d1500000, 0x000000076cf80000)
  object space 171008K, 0% used [0x00000006c6e00000,0x00000006c6e16010,0x00000006d1500000)
 Metaspace       used 16860K, capacity 16954K, committed 17152K, reserved 1064960K
  class space    used 2012K, capacity 2039K, committed 2048K, reserved 1048576K
}
Event: 1.725 GC heap before
{Heap before GC invocations=3 (full 1):
 PSYoungGen      total 74752K, used 5449K [0x000000076cf80000, 0x0000000772280000, 0x00000007c0000000)
  eden space 64512K, 0% used [0x000000076cf80000,0x000000076cf80000,0x0000000770e80000)
  from space 10240K, 53% used [0x0000000771880000,0x0000000771dd26b0,0x0000000772280000)
  to   space 10240K, 0% used [0x0000000770e80000,0x0000000770e80000,0x0000000771880000)
 ParOldGen       total 171008K, used 88K [0x00000006c6e00000, 0x00000006d1500000, 0x000000076cf80000)
  object space 171008K, 0% used [0x00000006c6e00000,0x00000006c6e16010,0x00000006d1500000)
 Metaspace       used 16860K, capacity 16954K, committed 17152K, reserved 1064960K
  class space    used 2012K, capacity 2039K, committed 2048K, reserved 1048576K
Event: 1.759 GC heap after
Heap after GC invocations=3 (full 1):
 PSYoungGen      total 74752K, used 0K [0x000000076cf80000, 0x0000000772280000, 0x00000007c0000000)
  eden space 64512K, 0% used [0x000000076cf80000,0x000000076cf80000,0x0000000770e80000)
  from space 10240K, 0% used [0x0000000771880000,0x0000000771880000,0x0000000772280000)
  to   space 10240K, 0% used [0x0000000770e80000,0x0000000770e80000,0x0000000771880000)
 ParOldGen       total 171008K, used 5387K [0x00000006c6e00000, 0x00000006d1500000, 0x000000076cf80000)
  object space 171008K, 3% used [0x00000006c6e00000,0x00000006c7342f58,0x00000006d1500000)
 Metaspace       used 16860K, capacity 16954K, committed 17152K, reserved 1064960K
  class space    used 2012K, capacity 2039K, committed 2048K, reserved 1048576K
}

